sp|P42645|14335_ARATHsp|P42644|14333_ARATH0.988855258627
-----
sp|P42645|14335_ARATHsp|Q6ZKC0|14333_ORYSJ0.981650534253
-----
sp|P42645|14335_ARATHsp|Q20655|14332_CAEEL0.758211027797
-----
sp|P42645|14335_ARATHsp|Q6EUP4|14335_ORYSJ0.966614150954
-----
sp|P42645|14335_ARATHsp|P32234|128UP_DROME0.652417724291
-----
sp|P42645|14335_ARATHsp|P93212|14337_SOLLC0.765261524576
-----
sp|P42645|14335_ARATHsp|Q01525|14332_ARATH0.955321110957
-----
sp|P42645|14335_ARATHsp|P49106|14331_MAIZE0.972772546339
-----
sp|P42645|14335_ARATHsp|P48347|14310_ARATH0.781338938819
-----
sp|P42645|14335_ARATHsp|Q06967|14336_ORYSJ0.96654818688
-----
sp|P42645|14335_ARATHsp|Q9S9Z8|14311_ARATH0.770216080916
-----
sp|P42645|14335_ARATHsp|Q7XTE8|14332_ORYSJ0.969733121106
-----
sp|P42645|14335_ARATHsp|P41932|14331_CAEEL0.90935197699
-----
sp|P42645|14335_ARATHsp|Q84J55|14331_ORYSJ0.902267867973
-----
sp|P42645|14335_ARATHsp|Q9C5W6|14312_ARATH0.75666755513
-----
sp|P42645|14335_ARATHsp|P46077|14334_ARATH0.957120862869
-----
sp|P42645|14335_ARATHsp|P48349|14336_ARATH0.919824852614
-----
sp|P42645|14335_ARATHsp|Q96300|14337_ARATH0.99636242791
-----
sp|P42645|14335_ARATHsp|P42643|14331_ARATH0.954506026746
-----
sp|P42644|14333_ARATHsp|Q6ZKC0|14333_ORYSJ0.985554675218
-----
sp|P42644|14333_ARATHsp|Q20655|14332_CAEEL0.581587817953
-----
sp|P42644|14333_ARATHsp|Q6EUP4|14335_ORYSJ0.974538322455
-----
sp|P42644|14333_ARATHsp|P32234|128UP_DROME0.778871198868
-----
sp|P42644|14333_ARATHsp|P93212|14337_SOLLC0.737568846961
-----
sp|P42644|14333_ARATHsp|Q01525|14332_ARATH0.966111223409
-----
sp|P42644|14333_ARATHsp|P49106|14331_MAIZE0.973869097185
-----
sp|P42644|14333_ARATHsp|P48347|14310_ARATH0.783519313776
-----
sp|P42644|14333_ARATHsp|Q06967|14336_ORYSJ0.979517076607
-----
sp|P42644|14333_ARATHsp|Q9S9Z8|14311_ARATH0.738289667979
-----
sp|P42644|14333_ARATHsp|Q7XTE8|14332_ORYSJ0.973073802062
-----
sp|P42644|14333_ARATHsp|P41932|14331_CAEEL0.719939384365
-----
sp|P42644|14333_ARATHsp|Q84J55|14331_ORYSJ0.893923742305
-----
sp|P42644|14333_ARATHsp|Q9C5W6|14312_ARATH0.721088722101
-----
sp|P42644|14333_ARATHsp|P46077|14334_ARATH0.954198463413
-----
sp|P42644|14333_ARATHsp|P48349|14336_ARATH0.903716858235
-----
sp|P42644|14333_ARATHsp|Q96300|14337_ARATH0.991246323975
-----
sp|P42644|14333_ARATHsp|P42643|14331_ARATH0.960417362679
-----
sp|Q6ZKC0|14333_ORYSJsp|Q20655|14332_CAEEL0.470190661223
-----
sp|Q6ZKC0|14333_ORYSJsp|Q6EUP4|14335_ORYSJ0.991004302676
-----
sp|Q6ZKC0|14333_ORYSJsp|P32234|128UP_DROME0.807648237777
-----
sp|Q6ZKC0|14333_ORYSJsp|P93212|14337_SOLLC0.723864751322
-----
sp|Q6ZKC0|14333_ORYSJsp|Q01525|14332_ARATH0.948092535941
-----
sp|Q6ZKC0|14333_ORYSJsp|P49106|14331_MAIZE0.991378852152
-----
sp|Q6ZKC0|14333_ORYSJsp|P48347|14310_ARATH0.759874605292
-----
sp|Q6ZKC0|14333_ORYSJsp|Q06967|14336_ORYSJ0.98860048073
-----
sp|Q6ZKC0|14333_ORYSJsp|Q9S9Z8|14311_ARATH0.709799700807
-----
sp|Q6ZKC0|14333_ORYSJsp|Q7XTE8|14332_ORYSJ0.992009943297
-----
sp|Q6ZKC0|14333_ORYSJsp|P41932|14331_CAEEL0.651428183027
-----
sp|Q6ZKC0|14333_ORYSJsp|Q84J55|14331_ORYSJ0.907173195598
-----
sp|Q6ZKC0|14333_ORYSJsp|Q9C5W6|14312_ARATH0.696121136858
-----
sp|Q6ZKC0|14333_ORYSJsp|P46077|14334_ARATH0.940641325923
-----
sp|Q6ZKC0|14333_ORYSJsp|P48349|14336_ARATH0.895134849558
-----
sp|Q6ZKC0|14333_ORYSJsp|Q96300|14337_ARATH0.986550469312
-----
sp|Q6ZKC0|14333_ORYSJsp|P42643|14331_ARATH0.948491218453
-----
sp|Q20655|14332_CAEELsp|Q6EUP4|14335_ORYSJ0.399199060235
-----
sp|Q20655|14332_CAEELsp|P32234|128UP_DROME0.55271995282
-----
sp|Q20655|14332_CAEELsp|P93212|14337_SOLLC0.593199548606
-----
sp|Q20655|14332_CAEELsp|Q01525|14332_ARATH0.438714412248
-----
sp|Q20655|14332_CAEELsp|P49106|14331_MAIZE0.442077921361
-----
sp|Q20655|14332_CAEELsp|P48347|14310_ARATH0.546253459307
-----
sp|Q20655|14332_CAEELsp|Q06967|14336_ORYSJ0.47587862484
-----
sp|Q20655|14332_CAEELsp|Q9S9Z8|14311_ARATH0.734610756944
-----
sp|Q20655|14332_CAEELsp|Q7XTE8|14332_ORYSJ0.438687330951
-----
sp|Q20655|14332_CAEELsp|P41932|14331_CAEEL0.984779590991
-----
sp|Q20655|14332_CAEELsp|Q84J55|14331_ORYSJ0.779012773696
-----
sp|Q20655|14332_CAEELsp|Q9C5W6|14312_ARATH0.418135122306
-----
sp|Q20655|14332_CAEELsp|P46077|14334_ARATH0.712129436427
-----
sp|Q20655|14332_CAEELsp|P48349|14336_ARATH0.760838969325
-----
sp|Q20655|14332_CAEELsp|Q96300|14337_ARATH0.695269288069
-----
sp|Q20655|14332_CAEELsp|P42643|14331_ARATH0.44829294987
-----
sp|Q6EUP4|14335_ORYSJsp|P32234|128UP_DROME0.5326520844
-----
sp|Q6EUP4|14335_ORYSJsp|P93212|14337_SOLLC0.818690298413
-----
sp|Q6EUP4|14335_ORYSJsp|Q01525|14332_ARATH0.958003707704
-----
sp|Q6EUP4|14335_ORYSJsp|P49106|14331_MAIZE0.996716334606
-----
sp|Q6EUP4|14335_ORYSJsp|P48347|14310_ARATH0.752324361794
-----
sp|Q6EUP4|14335_ORYSJsp|Q06967|14336_ORYSJ0.992122546996
-----
sp|Q6EUP4|14335_ORYSJsp|Q9S9Z8|14311_ARATH0.717666896903
-----
sp|Q6EUP4|14335_ORYSJsp|Q7XTE8|14332_ORYSJ0.997089196291
-----
sp|Q6EUP4|14335_ORYSJsp|P41932|14331_CAEEL0.475065529487
-----
sp|Q6EUP4|14335_ORYSJsp|Q84J55|14331_ORYSJ0.904652761427
-----
sp|Q6EUP4|14335_ORYSJsp|Q9C5W6|14312_ARATH0.80468426056
-----
sp|Q6EUP4|14335_ORYSJsp|P46077|14334_ARATH0.9288899132
-----
sp|Q6EUP4|14335_ORYSJsp|P48349|14336_ARATH0.887950550398
-----
sp|Q6EUP4|14335_ORYSJsp|Q96300|14337_ARATH0.969535060077
-----
sp|Q6EUP4|14335_ORYSJsp|P42643|14331_ARATH0.960350768907
-----
sp|P32234|128UP_DROMEsp|P93212|14337_SOLLC0.769498195178
-----
sp|P32234|128UP_DROMEsp|Q01525|14332_ARATH0.495496617792
-----
sp|P32234|128UP_DROMEsp|P49106|14331_MAIZE0.483219114895
-----
sp|P32234|128UP_DROMEsp|P48347|14310_ARATH0.738116929158
-----
sp|P32234|128UP_DROMEsp|Q06967|14336_ORYSJ0.826223407618
-----
sp|P32234|128UP_DROMEsp|Q9S9Z8|14311_ARATH0.65738928895
-----
sp|P32234|128UP_DROMEsp|Q7XTE8|14332_ORYSJ0.478843025886
-----
sp|P32234|128UP_DROMEsp|P41932|14331_CAEEL0.593310619387
-----
sp|P32234|128UP_DROMEsp|Q84J55|14331_ORYSJ0.720382627138
-----
sp|P32234|128UP_DROMEsp|Q9C5W6|14312_ARATH0.369076842756
-----
sp|P32234|128UP_DROMEsp|P46077|14334_ARATH0.668349971447
-----
sp|P32234|128UP_DROMEsp|P48349|14336_ARATH0.626622557688
-----
sp|P32234|128UP_DROMEsp|Q96300|14337_ARATH0.667643886884
-----
sp|P32234|128UP_DROMEsp|P42643|14331_ARATH0.503285789566
-----
sp|P93212|14337_SOLLCsp|Q01525|14332_ARATH0.77519100591
-----
sp|P93212|14337_SOLLCsp|P49106|14331_MAIZE0.825019183521
-----
sp|P93212|14337_SOLLCsp|P48347|14310_ARATH0.978266451527
-----
sp|P93212|14337_SOLLCsp|Q06967|14336_ORYSJ0.727744210413
-----
sp|P93212|14337_SOLLCsp|Q9S9Z8|14311_ARATH0.977822139161
-----
sp|P93212|14337_SOLLCsp|Q7XTE8|14332_ORYSJ0.820110848499
-----
sp|P93212|14337_SOLLCsp|P41932|14331_CAEEL0.61997402046
-----
sp|P93212|14337_SOLLCsp|Q84J55|14331_ORYSJ0.697290328347
-----
sp|P93212|14337_SOLLCsp|Q9C5W6|14312_ARATH0.979922304569
-----
sp|P93212|14337_SOLLCsp|P46077|14334_ARATH0.769080213177
-----
sp|P93212|14337_SOLLCsp|P48349|14336_ARATH0.888978782549
-----
sp|P93212|14337_SOLLCsp|Q96300|14337_ARATH0.738801337658
-----
sp|P93212|14337_SOLLCsp|P42643|14331_ARATH0.812760272444
-----
sp|Q01525|14332_ARATHsp|P49106|14331_MAIZE0.945801191456
-----
sp|Q01525|14332_ARATHsp|P48347|14310_ARATH0.776161934644
-----
sp|Q01525|14332_ARATHsp|Q06967|14336_ORYSJ0.944063998485
-----
